#
# There is insufficient memory for the Java Runtime Environment to continue.
# Native memory allocation (mmap) failed to map 65011712 bytes for Failed to commit area from 0x000000070c500000 to 0x0000000710300000 of length 65011712.
# Possible reasons:
#   The system is out of physical RAM or swap space
#   The process is running with CompressedOops enabled, and the Java Heap may be blocking the growth of the native heap
# Possible solutions:
#   Reduce memory load on the system
#   Increase physical memory or swap space
#   Check if swap backing store is full
#   Decrease Java heap size (-Xmx/-Xms)
#   Decrease number of Java threads
#   Decrease Java thread stack sizes (-Xss)
#   Set larger code cache with -XX:ReservedCodeCacheSize=
#   JVM is running with Zero Based Compressed Oops mode in which the Java heap is
#     placed in the first 32GB address space. The Java Heap base address is the
#     maximum limit for the native heap growth. Please use -XX:HeapBaseMinAddress
#     to set the Java Heap base and to place the Java Heap above 32GB virtual address.
# This output file may be truncated or incomplete.
#
#  Out of Memory Error (t:/workspace/open/src/hotspot/os/windows/os_windows.cpp:3254), pid=15872, tid=21904
#
# JRE version: Java(TM) SE Runtime Environment (12.0+33) (build 12+33)
# Java VM: Java HotSpot(TM) 64-Bit Server VM (12+33, mixed mode, sharing, tiered, compressed oops, g1 gc, windows-amd64)
# No core dump will be written. Minidumps are not enabled by default on client versions of Windows
#

---------------  S U M M A R Y ------------

Command Line: -Dcom.sun.management.jmxremote -Dcom.sun.management.jmxremote.port=56666 -Dcom.sun.management.jmxremote.authenticate=false -Dcom.sun.management.jmxremote.ssl=false -Djava.rmi.server.hostname=localhost -Dspring.jmx.enabled=true -Dspring.application.admin.enabled=true -Xverify:none -XX:TieredStopAtLevel=1 -Dfile.encoding=Cp1252 pq.jdev.b001.bookstore.BookstoreApplication --spring.output.ansi.enabled=always

Host: Intel(R) Core(TM) i7-8750H CPU @ 2.20GHz, 12 cores, 15G,  Windows 10 , 64 bit Build 17134 (10.0.17134.753)
Time: Sun Aug 18 19:47:36 2019 SE Asia Standard Time elapsed time: 1559 seconds (0d 0h 25m 59s)

---------------  T H R E A D  ---------------

Current thread (0x000001fb7fd26000):  VMThread "VM Thread" [stack: 0x00000063a7300000,0x00000063a7400000] [id=21904]

Stack: [0x00000063a7300000,0x00000063a7400000]
[error occurred during error reporting (printing stack bounds), id 0xc0000005, EXCEPTION_ACCESS_VIOLATION (0xc0000005) at pc=0x000001fb682e0bad]

Native frames: (J=compiled Java code, j=interpreted, Vv=VM code, C=native code)
V  [jvm.dll+0x63948a]
V  [jvm.dll+0x78b31f]
V  [jvm.dll+0x78c9c1]
V  [jvm.dll+0x78cf75]
V  [jvm.dll+0x78cf2b]
V  [jvm.dll+0x638b84]
V  [jvm.dll+0x638f58]
C  [ntdll.dll+0x9f7dd]
C  [ntdll.dll+0xd856]
C  [ntdll.dll+0x9e70e]
C  0x000001fb682e0bad

VM_Operation (0x00000063a6fff9e0): G1Concurrent, mode: safepoint, requested by thread 0x000001fb5ff72000


---------------  P R O C E S S  ---------------

Threads class SMR info:
_java_thread_list=0x000001fb0ad08f40, length=29, elements={
0x000001fb7fd29800, 0x000001fb7fd2c800, 0x000001fb0480a800, 0x000001fb0480c800,
0x000001fb0480e800, 0x000001fb04816800, 0x000001fb047f0800, 0x000001fb0493a000,
0x000001fb04f0c000, 0x000001fb04f69800, 0x000001fb04f53800, 0x000001fb07a5a800,
0x000001fb07da5000, 0x000001fb0893f800, 0x000001fb0893b800, 0x000001fb07da6000,
0x000001fb0893c000, 0x000001fb0893a800, 0x000001fb0a8d8000, 0x000001fb0a8d6800,
0x000001fb0a8d3800, 0x000001fb0a8d7800, 0x000001fb0a8d4000, 0x000001fb0a8da000,
0x000001fb0a8d9000, 0x000001fb0a8da800, 0x000001fb0a8d5000, 0x000001fb0a8db800,
0x000001fb0a8d5800
}

Java Threads: ( => current thread )
  0x000001fb7fd29800 JavaThread "Reference Handler" daemon [_thread_blocked, id=19324, stack(0x00000063a7400000,0x00000063a7500000)]
  0x000001fb7fd2c800 JavaThread "Finalizer" daemon [_thread_blocked, id=3148, stack(0x00000063a7500000,0x00000063a7600000)]
  0x000001fb0480a800 JavaThread "Signal Dispatcher" daemon [_thread_blocked, id=5028, stack(0x00000063a7600000,0x00000063a7700000)]
  0x000001fb0480c800 JavaThread "Attach Listener" daemon [_thread_blocked, id=21192, stack(0x00000063a7700000,0x00000063a7800000)]
  0x000001fb0480e800 JavaThread "C1 CompilerThread0" daemon [_thread_blocked, id=2880, stack(0x00000063a7800000,0x00000063a7900000)]
  0x000001fb04816800 JavaThread "Sweeper thread" daemon [_thread_blocked, id=11332, stack(0x00000063a7900000,0x00000063a7a00000)]
  0x000001fb047f0800 JavaThread "Common-Cleaner" daemon [_thread_blocked, id=13564, stack(0x00000063a7a00000,0x00000063a7b00000)]
  0x000001fb0493a000 JavaThread "Service Thread" daemon [_thread_blocked, id=5460, stack(0x00000063a7b00000,0x00000063a7c00000)]
  0x000001fb04f0c000 JavaThread "RMI TCP Accept-0" daemon [_thread_in_native, id=7236, stack(0x00000063a7c00000,0x00000063a7d00000)]
  0x000001fb04f69800 JavaThread "RMI TCP Accept-56666" daemon [_thread_in_native, id=10616, stack(0x00000063a7d00000,0x00000063a7e00000)]
  0x000001fb04f53800 JavaThread "RMI TCP Accept-0" daemon [_thread_in_native, id=8416, stack(0x00000063a7e00000,0x00000063a7f00000)]
  0x000001fb07a5a800 JavaThread "mysql-cj-abandoned-connection-cleanup" daemon [_thread_blocked, id=5116, stack(0x00000063a8e00000,0x00000063a8f00000)]
  0x000001fb07da5000 JavaThread "Live Reload Server" daemon [_thread_in_native, id=22420, stack(0x00000063a9400000,0x00000063a9500000)]
  0x000001fb0893f800 JavaThread "DestroyJavaVM" [_thread_blocked, id=7976, stack(0x00000063a6d00000,0x00000063a6e00000)]
  0x000001fb0893b800 JavaThread "File Watcher" daemon [_thread_blocked, id=19124, stack(0x00000063a6b00000,0x00000063a6c00000)]
  0x000001fb07da6000 JavaThread "File Watcher" daemon [_thread_blocked, id=2972, stack(0x00000063a8b00000,0x00000063a8c00000)]
  0x000001fb0893c000 JavaThread "File Watcher" daemon [_thread_blocked, id=2124, stack(0x00000063a8c00000,0x00000063a8d00000)]
  0x000001fb0893a800 JavaThread "File Watcher" daemon [_thread_blocked, id=9504, stack(0x00000063a8d00000,0x00000063a8e00000)]
  0x000001fb0a8d8000 JavaThread "Thread-132" [_thread_blocked, id=12700, stack(0x00000063a8500000,0x00000063a8600000)]
  0x000001fb0a8d6800 JavaThread "File Watcher" daemon [_thread_blocked, id=14692, stack(0x00000063a9100000,0x00000063a9200000)]
  0x000001fb0a8d3800 JavaThread "File Watcher" daemon [_thread_blocked, id=21572, stack(0x00000063a9200000,0x00000063a9300000)]
  0x000001fb0a8d7800 JavaThread "File Watcher" daemon [_thread_blocked, id=12468, stack(0x00000063a9300000,0x00000063a9400000)]
  0x000001fb0a8d4000 JavaThread "File Watcher" daemon [_thread_blocked, id=10596, stack(0x00000063a9500000,0x00000063a9600000)]
  0x000001fb0a8da000 JavaThread "File Watcher" daemon [_thread_blocked, id=12488, stack(0x00000063a9600000,0x00000063a9700000)]
  0x000001fb0a8d9000 JavaThread "File Watcher" daemon [_thread_blocked, id=15024, stack(0x00000063a9700000,0x00000063a9800000)]
  0x000001fb0a8da800 JavaThread "File Watcher" daemon [_thread_blocked, id=17052, stack(0x00000063a9800000,0x00000063a9900000)]
  0x000001fb0a8d5000 JavaThread "File Watcher" daemon [_thread_blocked, id=7336, stack(0x00000063a9900000,0x00000063a9a00000)]
  0x000001fb0a8db800 JavaThread "File Watcher" daemon [_thread_blocked, id=21464, stack(0x00000063a9a00000,0x00000063a9b00000)]
  0x000001fb0a8d5800 JavaThread "restartedMain" [_thread_blocked, id=19888, stack(0x00000063a9b00000,0x00000063a9c00000)]

Other Threads:
=>0x000001fb7fd26000 VMThread "VM Thread" [stack: 0x00000063a7300000,0x00000063a7400000] [id=21904]
  0x000001fb04f89800 WatcherThread [stack: 0x00000063a7f00000,0x00000063a8000000] [id=21604]
  0x000001fb5ff58000 GCTaskThread "GC Thread#0" [stack: 0x00000063a6e00000,0x00000063a6f00000] [id=10832]
  0x000001fb05369800 GCTaskThread "GC Thread#1" [stack: 0x00000063a8000000,0x00000063a8100000] [id=21912]
  0x000001fb050a9800 GCTaskThread "GC Thread#2" [stack: 0x00000063a8100000,0x00000063a8200000] [id=3316]
  0x000001fb052be000 GCTaskThread "GC Thread#3" [stack: 0x00000063a8200000,0x00000063a8300000] [id=12732]
  0x000001fb052be800 GCTaskThread "GC Thread#4" [stack: 0x00000063a8300000,0x00000063a8400000] [id=3968]
  0x000001fb052f6800 GCTaskThread "GC Thread#5" [stack: 0x00000063a8400000,0x00000063a8500000] [id=19140]
  0x000001fb05a0a800 GCTaskThread "GC Thread#6" [stack: 0x00000063a8800000,0x00000063a8900000] [id=21500]
  0x000001fb05a1c000 GCTaskThread "GC Thread#7" [stack: 0x00000063a8900000,0x00000063a8a00000] [id=12324]
  0x000001fb05f80000 GCTaskThread "GC Thread#8" [stack: 0x00000063a8f00000,0x00000063a9000000] [id=22108]
  0x000001fb05f85000 GCTaskThread "GC Thread#9" [stack: 0x00000063a9000000,0x00000063a9100000] [id=21296]
  0x000001fb5ff72000 ConcurrentGCThread "G1 Main Marker" [stack: 0x00000063a6f00000,0x00000063a7000000] [id=4504]
  0x000001fb5ff74800 ConcurrentGCThread "G1 Conc#0" [stack: 0x00000063a7000000,0x00000063a7100000] [id=7804]
  0x000001fb05a9b000 ConcurrentGCThread "G1 Conc#1" [stack: 0x00000063a8700000,0x00000063a8800000] [id=10580]
  0x000001fb05f86000 ConcurrentGCThread "G1 Conc#2" [stack: 0x00000063a8a00000,0x00000063a8b00000] [id=9312]
  0x000001fb7fc21800 ConcurrentGCThread "G1 Refine#0" [stack: 0x00000063a7100000,0x00000063a7200000] [id=6392]
  0x000001fb7fc24800 ConcurrentGCThread "G1 Young RemSet Sampling" [stack: 0x00000063a7200000,0x00000063a7300000] [id=15568]

Threads with active compile tasks:

VM state:at safepoint (normal execution)

VM Mutex/Monitor currently owned by a thread:  ([mutex/lock_event])
[0x000001fb5feef770] Threads_lock - owner thread: 0x000001fb7fd26000
[0x000001fb5fef0190] Heap_lock - owner thread: 0x000001fb5ff72000

Heap address: 0x0000000702600000, size: 4058 MB, Compressed Oops mode: Zero based, Oop shift amount: 3
Narrow klass base: 0x0000000800000000, Narrow klass shift: 3
Compressed class space size: 1073741824 Address: 0x00000008011a0000

Heap:
 garbage-first heap   total 227328K, used 130469K [0x0000000702600000, 0x0000000800000000)
  region size 1024K, 51 young (52224K), 6 survivors (6144K)
 Metaspace       used 101906K, capacity 106326K, committed 106624K, reserved 1142784K
  class space    used 11790K, capacity 13416K, committed 13440K, reserved 1048576K
Heap Regions: E=young(eden), S=young(survivor), O=old, HS=humongous(starts), HC=humongous(continues), CS=collection set, F=free, A=archive, TAMS=top-at-mark-start (previous, next)
|   0|0x0000000702600000, 0x0000000702700000, 0x0000000702700000|100%|HS|  |TAMS 0x0000000702700000, 0x0000000702600000| Complete 
|   1|0x0000000702700000, 0x00000007027fffe0, 0x0000000702800000| 99%| O|  |TAMS 0x00000007027fffe0, 0x0000000702700000| Updating 
|   2|0x0000000702800000, 0x00000007028ffff0, 0x0000000702900000| 99%| O|  |TAMS 0x00000007028ffff0, 0x0000000702800000| Updating 
|   3|0x0000000702900000, 0x00000007029ffff8, 0x0000000702a00000| 99%| O|  |TAMS 0x00000007029ffff8, 0x0000000702900000| Updating 
|   4|0x0000000702a00000, 0x0000000702affff8, 0x0000000702b00000| 99%| O|  |TAMS 0x0000000702affff8, 0x0000000702a00000| Updating 
|   5|0x0000000702b00000, 0x0000000702bffff8, 0x0000000702c00000| 99%| O|  |TAMS 0x0000000702bffff8, 0x0000000702b00000| Updating 
|   6|0x0000000702c00000, 0x0000000702cffff8, 0x0000000702d00000| 99%| O|  |TAMS 0x0000000702cffff8, 0x0000000702c00000| Updating 
|   7|0x0000000702d00000, 0x0000000702e00000, 0x0000000702e00000|100%| O|  |TAMS 0x0000000702e00000, 0x0000000702d00000| Updating 
|   8|0x0000000702e00000, 0x0000000702f00000, 0x0000000702f00000|100%| O|  |TAMS 0x0000000702f00000, 0x0000000702e00000| Updating 
|   9|0x0000000702f00000, 0x0000000703000000, 0x0000000703000000|100%| O|  |TAMS 0x0000000703000000, 0x0000000702f00000| Updating 
|  10|0x0000000703000000, 0x00000007030fffa8, 0x0000000703100000| 99%| O|  |TAMS 0x00000007030fffa8, 0x0000000703000000| Updating 
|  11|0x0000000703100000, 0x00000007031ffff0, 0x0000000703200000| 99%| O|  |TAMS 0x00000007031ffff0, 0x0000000703100000| Updating 
|  12|0x0000000703200000, 0x00000007032ffff8, 0x0000000703300000| 99%| O|  |TAMS 0x00000007032ffff8, 0x0000000703200000| Updating 
|  13|0x0000000703300000, 0x00000007033fff70, 0x0000000703400000| 99%| O|  |TAMS 0x00000007033fff70, 0x0000000703300000| Updating 
|  14|0x0000000703400000, 0x0000000703500000, 0x0000000703500000|100%| O|  |TAMS 0x0000000703500000, 0x0000000703400000| Updating 
|  15|0x0000000703500000, 0x00000007035ffff8, 0x0000000703600000| 99%| O|  |TAMS 0x00000007035ffff8, 0x0000000703500000| Updating 
|  16|0x0000000703600000, 0x0000000703700000, 0x0000000703700000|100%| O|  |TAMS 0x0000000703700000, 0x0000000703600000| Updating 
|  17|0x0000000703700000, 0x00000007037fffe8, 0x0000000703800000| 99%| O|  |TAMS 0x00000007037fffe8, 0x0000000703700000| Updating 
|  18|0x0000000703800000, 0x00000007038fffd8, 0x0000000703900000| 99%| O|  |TAMS 0x00000007038fffd8, 0x0000000703800000| Updating 
|  19|0x0000000703900000, 0x0000000703a00000, 0x0000000703a00000|100%| O|  |TAMS 0x0000000703a00000, 0x0000000703900000| Updating 
|  20|0x0000000703a00000, 0x0000000703affff0, 0x0000000703b00000| 99%| O|  |TAMS 0x0000000703affff0, 0x0000000703a00000| Updating 
|  21|0x0000000703b00000, 0x0000000703bffff8, 0x0000000703c00000| 99%| O|  |TAMS 0x0000000703bffff8, 0x0000000703b00000| Updating 
|  22|0x0000000703c00000, 0x0000000703d00000, 0x0000000703d00000|100%| O|  |TAMS 0x0000000703d00000, 0x0000000703c00000| Updating 
|  23|0x0000000703d00000, 0x0000000703dffeb0, 0x0000000703e00000| 99%| O|  |TAMS 0x0000000703dffeb0, 0x0000000703d00000| Updating 
|  24|0x0000000703e00000, 0x0000000703f00000, 0x0000000703f00000|100%| O|  |TAMS 0x0000000703f00000, 0x0000000703e00000| Updating 
|  25|0x0000000703f00000, 0x0000000703ffffd8, 0x0000000704000000| 99%| O|  |TAMS 0x0000000703ffffd8, 0x0000000703f00000| Updating 
|  26|0x0000000704000000, 0x00000007040ffff0, 0x0000000704100000| 99%| O|  |TAMS 0x00000007040ffff0, 0x0000000704000000| Updating 
|  27|0x0000000704100000, 0x00000007041fffb8, 0x0000000704200000| 99%| O|  |TAMS 0x00000007041fffb8, 0x0000000704100000| Updating 
|  28|0x0000000704200000, 0x00000007042fffe8, 0x0000000704300000| 99%| O|  |TAMS 0x00000007042fffe8, 0x0000000704200000| Updating 
|  29|0x0000000704300000, 0x0000000704400000, 0x0000000704400000|100%| O|  |TAMS 0x0000000704400000, 0x0000000704300000| Updating 
|  30|0x0000000704400000, 0x00000007044ffff8, 0x0000000704500000| 99%| O|  |TAMS 0x00000007044ffff8, 0x0000000704400000| Updating 
|  31|0x0000000704500000, 0x00000007045ffff0, 0x0000000704600000| 99%| O|  |TAMS 0x00000007045ffff0, 0x0000000704500000| Updating 
|  32|0x0000000704600000, 0x00000007046ffff8, 0x0000000704700000| 99%| O|  |TAMS 0x00000007046ffff8, 0x0000000704600000| Updating 
|  33|0x0000000704700000, 0x00000007047ffff8, 0x0000000704800000| 99%| O|  |TAMS 0x00000007047ffff8, 0x0000000704700000| Updating 
|  34|0x0000000704800000, 0x00000007048fffb0, 0x0000000704900000| 99%| O|  |TAMS 0x00000007048fffb0, 0x0000000704800000| Updating 
|  35|0x0000000704900000, 0x00000007049ffff8, 0x0000000704a00000| 99%| O|  |TAMS 0x00000007049ffff8, 0x0000000704900000| Updating 
|  36|0x0000000704a00000, 0x0000000704b00000, 0x0000000704b00000|100%| O|  |TAMS 0x0000000704b00000, 0x0000000704a00000| Updating 
|  37|0x0000000704b00000, 0x0000000704bfff88, 0x0000000704c00000| 99%| O|  |TAMS 0x0000000704bfff88, 0x0000000704b00000| Updating 
|  38|0x0000000704c00000, 0x0000000704cffff0, 0x0000000704d00000| 99%| O|  |TAMS 0x0000000704cffff0, 0x0000000704c00000| Updating 
|  39|0x0000000704d00000, 0x0000000704dffff0, 0x0000000704e00000| 99%| O|  |TAMS 0x0000000704dffff0, 0x0000000704d00000| Updating 
|  40|0x0000000704e00000, 0x0000000704effff8, 0x0000000704f00000| 99%| O|  |TAMS 0x0000000704effff8, 0x0000000704e00000| Updating 
|  41|0x0000000704f00000, 0x0000000704fffff0, 0x0000000705000000| 99%| O|  |TAMS 0x0000000704fffff0, 0x0000000704f00000| Updating 
|  42|0x0000000705000000, 0x00000007050c4948, 0x0000000705100000| 76%| O|  |TAMS 0x00000007050c4948, 0x0000000705000000| Updating 
|  43|0x0000000705100000, 0x0000000705200000, 0x0000000705200000|100%| O|  |TAMS 0x0000000705200000, 0x0000000705100000| Updating 
|  44|0x0000000705200000, 0x00000007052e8960, 0x0000000705300000| 90%| O|  |TAMS 0x00000007052e8960, 0x0000000705200000| Updating 
|  45|0x0000000705300000, 0x0000000705400000, 0x0000000705400000|100%| O|  |TAMS 0x0000000705400000, 0x0000000705300000| Updating 
|  46|0x0000000705400000, 0x0000000705403058, 0x0000000705500000|  1%| O|  |TAMS 0x0000000705403058, 0x0000000705400000| Updating 
|  47|0x0000000705500000, 0x00000007055c0488, 0x0000000705600000| 75%| O|  |TAMS 0x00000007055c0488, 0x0000000705500000| Updating 
|  48|0x0000000705600000, 0x00000007056ab1c8, 0x0000000705700000| 66%| O|  |TAMS 0x00000007056ab1c8, 0x0000000705600000| Updating 
|  49|0x0000000705700000, 0x0000000705800000, 0x0000000705800000|100%| O|  |TAMS 0x0000000705800000, 0x0000000705700000| Updating 
|  50|0x0000000705800000, 0x0000000705900000, 0x0000000705900000|100%| O|  |TAMS 0x0000000705900000, 0x0000000705800000| Updating 
|  51|0x0000000705900000, 0x0000000705a00000, 0x0000000705a00000|100%| O|  |TAMS 0x0000000705a00000, 0x0000000705900000| Updating 
|  52|0x0000000705a00000, 0x0000000705b00000, 0x0000000705b00000|100%| O|  |TAMS 0x0000000705b00000, 0x0000000705a00000| Updating 
|  53|0x0000000705b00000, 0x0000000705c00000, 0x0000000705c00000|100%| O|  |TAMS 0x0000000705c00000, 0x0000000705b00000| Updating 
|  54|0x0000000705c00000, 0x0000000705d00000, 0x0000000705d00000|100%| O|  |TAMS 0x0000000705d00000, 0x0000000705c00000| Updating 
|  55|0x0000000705d00000, 0x0000000705e00000, 0x0000000705e00000|100%| O|  |TAMS 0x0000000705e00000, 0x0000000705d00000| Updating 
|  56|0x0000000705e00000, 0x0000000705f00000, 0x0000000705f00000|100%| O|  |TAMS 0x0000000705f00000, 0x0000000705e00000| Updating 
|  57|0x0000000705f00000, 0x0000000706000000, 0x0000000706000000|100%| O|  |TAMS 0x0000000706000000, 0x0000000705f00000| Updating 
|  58|0x0000000706000000, 0x0000000706100000, 0x0000000706100000|100%| O|  |TAMS 0x0000000706100000, 0x0000000706000000| Updating 
|  59|0x0000000706100000, 0x0000000706200000, 0x0000000706200000|100%| O|  |TAMS 0x0000000706200000, 0x0000000706100000| Updating 
|  60|0x0000000706200000, 0x0000000706300000, 0x0000000706300000|100%| O|  |TAMS 0x0000000706300000, 0x0000000706200000| Updating 
|  61|0x0000000706300000, 0x0000000706400000, 0x0000000706400000|100%| O|  |TAMS 0x0000000706400000, 0x0000000706300000| Updating 
|  62|0x0000000706400000, 0x0000000706500000, 0x0000000706500000|100%| O|  |TAMS 0x0000000706500000, 0x0000000706400000| Updating 
|  63|0x0000000706500000, 0x0000000706600000, 0x0000000706600000|100%| O|  |TAMS 0x0000000706600000, 0x0000000706500000| Updating 
|  64|0x0000000706600000, 0x0000000706700000, 0x0000000706700000|100%| O|  |TAMS 0x0000000706700000, 0x0000000706600000| Updating 
|  65|0x0000000706700000, 0x0000000706800000, 0x0000000706800000|100%| O|  |TAMS 0x0000000706800000, 0x0000000706700000| Updating 
|  66|0x0000000706800000, 0x0000000706900000, 0x0000000706900000|100%| O|  |TAMS 0x0000000706900000, 0x0000000706800000| Updating 
|  67|0x0000000706900000, 0x0000000706a00000, 0x0000000706a00000|100%| O|  |TAMS 0x0000000706a00000, 0x0000000706900000| Updating 
|  68|0x0000000706a00000, 0x0000000706b00000, 0x0000000706b00000|100%| O|  |TAMS 0x0000000706b00000, 0x0000000706a00000| Updating 
|  69|0x0000000706b00000, 0x0000000706c00000, 0x0000000706c00000|100%| O|  |TAMS 0x0000000706c00000, 0x0000000706b00000| Updating 
|  70|0x0000000706c00000, 0x0000000706d00000, 0x0000000706d00000|100%| O|  |TAMS 0x0000000706d00000, 0x0000000706c00000| Updating 
|  71|0x0000000706d00000, 0x0000000706e00000, 0x0000000706e00000|100%| O|  |TAMS 0x0000000706e00000, 0x0000000706d00000| Updating 
|  72|0x0000000706e00000, 0x0000000706e60eb8, 0x0000000706f00000| 37%| O|  |TAMS 0x0000000706e60eb8, 0x0000000706e00000| Updating 
|  73|0x0000000706f00000, 0x0000000707000000, 0x0000000707000000|100%| O|  |TAMS 0x0000000707000000, 0x0000000706f00000| Updating 
|  74|0x0000000707000000, 0x0000000707100000, 0x0000000707100000|100%| O|  |TAMS 0x0000000707100000, 0x0000000707000000| Updating 
|  75|0x0000000707100000, 0x0000000707200000, 0x0000000707200000|100%| O|  |TAMS 0x0000000707200000, 0x0000000707100000| Updating 
|  76|0x0000000707200000, 0x0000000707300000, 0x0000000707300000|100%| O|  |TAMS 0x0000000707300000, 0x0000000707200000| Updating 
|  77|0x0000000707300000, 0x0000000707400000, 0x0000000707400000|100%| O|  |TAMS 0x0000000707400000, 0x0000000707300000| Updating 
|  78|0x0000000707400000, 0x0000000707500000, 0x0000000707500000|100%| O|  |TAMS 0x0000000707500000, 0x0000000707400000| Updating 
|  79|0x0000000707500000, 0x0000000707600000, 0x0000000707600000|100%| O|  |TAMS 0x0000000707600000, 0x0000000707500000| Updating 
|  80|0x0000000707600000, 0x0000000707700000, 0x0000000707700000|100%| O|  |TAMS 0x0000000707700000, 0x0000000707600000| Updating 
|  81|0x0000000707700000, 0x00000007077d4e00, 0x0000000707800000| 83%| O|  |TAMS 0x0000000707729a00, 0x0000000707700000| Updating 
|  82|0x0000000707800000, 0x0000000707800000, 0x0000000707900000|  0%| F|  |TAMS 0x0000000707800000, 0x0000000707800000| Untracked 
|  83|0x0000000707900000, 0x0000000707900000, 0x0000000707a00000|  0%| F|  |TAMS 0x0000000707900000, 0x0000000707900000| Untracked 
|  84|0x0000000707a00000, 0x0000000707a00000, 0x0000000707b00000|  0%| F|  |TAMS 0x0000000707a00000, 0x0000000707a00000| Untracked 
|  85|0x0000000707b00000, 0x0000000707b00000, 0x0000000707c00000|  0%| F|  |TAMS 0x0000000707b00000, 0x0000000707b00000| Untracked 
|  86|0x0000000707c00000, 0x0000000707c00000, 0x0000000707d00000|  0%| F|  |TAMS 0x0000000707c00000, 0x0000000707c00000| Untracked 
|  87|0x0000000707d00000, 0x0000000707d00000, 0x0000000707e00000|  0%| F|  |TAMS 0x0000000707d00000, 0x0000000707d00000| Untracked 
|  88|0x0000000707e00000, 0x0000000707e00000, 0x0000000707f00000|  0%| F|  |TAMS 0x0000000707e00000, 0x0000000707e00000| Untracked 
|  89|0x0000000707f00000, 0x0000000707f00000, 0x0000000708000000|  0%| F|  |TAMS 0x0000000707f00000, 0x0000000707f00000| Untracked 
|  90|0x0000000708000000, 0x0000000708000000, 0x0000000708100000|  0%| F|  |TAMS 0x0000000708000000, 0x0000000708000000| Untracked 
|  91|0x0000000708100000, 0x0000000708100000, 0x0000000708200000|  0%| F|  |TAMS 0x0000000708100000, 0x0000000708100000| Untracked 
|  92|0x0000000708200000, 0x0000000708200000, 0x0000000708300000|  0%| F|  |TAMS 0x0000000708200000, 0x0000000708200000| Untracked 
|  93|0x0000000708300000, 0x0000000708300000, 0x0000000708400000|  0%| F|  |TAMS 0x0000000708300000, 0x0000000708300000| Untracked 
|  94|0x0000000708400000, 0x0000000708400000, 0x0000000708500000|  0%| F|  |TAMS 0x0000000708400000, 0x0000000708400000| Untracked 
|  95|0x0000000708500000, 0x0000000708500000, 0x0000000708600000|  0%| F|  |TAMS 0x0000000708500000, 0x0000000708500000| Untracked 
|  96|0x0000000708600000, 0x0000000708600000, 0x0000000708700000|  0%| F|  |TAMS 0x0000000708600000, 0x0000000708600000| Untracked 
|  97|0x0000000708700000, 0x0000000708700000, 0x0000000708800000|  0%| F|  |TAMS 0x0000000708700000, 0x0000000708700000| Untracked 
|  98|0x0000000708800000, 0x0000000708800000, 0x0000000708900000|  0%| F|  |TAMS 0x0000000708800000, 0x0000000708800000| Untracked 
|  99|0x0000000708900000, 0x0000000708918628, 0x0000000708a00000|  9%| S|CS|TAMS 0x0000000708900000, 0x0000000708900000| Complete 
| 100|0x0000000708a00000, 0x0000000708b00000, 0x0000000708b00000|100%| S|CS|TAMS 0x0000000708a00000, 0x0000000708a00000| Complete 
| 101|0x0000000708b00000, 0x0000000708c00000, 0x0000000708c00000|100%| S|CS|TAMS 0x0000000708b00000, 0x0000000708b00000| Complete 
| 102|0x0000000708c00000, 0x0000000708c00000, 0x0000000708d00000|  0%| F|  |TAMS 0x0000000708c00000, 0x0000000708c00000| Untracked 
| 103|0x0000000708d00000, 0x0000000708e00000, 0x0000000708e00000|100%| S|CS|TAMS 0x0000000708d00000, 0x0000000708d00000| Complete 
| 104|0x0000000708e00000, 0x0000000708f00000, 0x0000000708f00000|100%| S|CS|TAMS 0x0000000708e00000, 0x0000000708e00000| Complete 
| 105|0x0000000708f00000, 0x0000000709000000, 0x0000000709000000|100%| S|CS|TAMS 0x0000000708f00000, 0x0000000708f00000| Complete 
| 106|0x0000000709000000, 0x0000000709000000, 0x0000000709100000|  0%| F|  |TAMS 0x0000000709000000, 0x0000000709000000| Untracked 
| 107|0x0000000709100000, 0x0000000709100000, 0x0000000709200000|  0%| F|  |TAMS 0x0000000709100000, 0x0000000709100000| Untracked 
| 108|0x0000000709200000, 0x0000000709200000, 0x0000000709300000|  0%| F|  |TAMS 0x0000000709200000, 0x0000000709200000| Untracked 
| 109|0x0000000709300000, 0x0000000709300000, 0x0000000709400000|  0%| F|  |TAMS 0x0000000709300000, 0x0000000709300000| Untracked 
| 110|0x0000000709400000, 0x0000000709400000, 0x0000000709500000|  0%| F|  |TAMS 0x0000000709400000, 0x0000000709400000| Untracked 
| 111|0x0000000709500000, 0x0000000709500000, 0x0000000709600000|  0%| F|  |TAMS 0x0000000709500000, 0x0000000709500000| Untracked 
| 112|0x0000000709600000, 0x0000000709600000, 0x0000000709700000|  0%| F|  |TAMS 0x0000000709600000, 0x0000000709600000| Untracked 
| 113|0x0000000709700000, 0x0000000709700000, 0x0000000709800000|  0%| F|  |TAMS 0x0000000709700000, 0x0000000709700000| Untracked 
| 114|0x0000000709800000, 0x0000000709800000, 0x0000000709900000|  0%| F|  |TAMS 0x0000000709800000, 0x0000000709800000| Untracked 
| 115|0x0000000709900000, 0x00000007099e6628, 0x0000000709a00000| 89%| E|  |TAMS 0x0000000709900000, 0x0000000709900000| Complete 
| 116|0x0000000709a00000, 0x0000000709b00000, 0x0000000709b00000|100%| E|CS|TAMS 0x0000000709a00000, 0x0000000709a00000| Complete 
| 117|0x0000000709b00000, 0x0000000709c00000, 0x0000000709c00000|100%| E|CS|TAMS 0x0000000709b00000, 0x0000000709b00000| Complete 
| 118|0x0000000709c00000, 0x0000000709d00000, 0x0000000709d00000|100%| E|CS|TAMS 0x0000000709c00000, 0x0000000709c00000| Complete 
| 119|0x0000000709d00000, 0x0000000709e00000, 0x0000000709e00000|100%| E|CS|TAMS 0x0000000709d00000, 0x0000000709d00000| Complete 
| 120|0x0000000709e00000, 0x0000000709f00000, 0x0000000709f00000|100%| E|CS|TAMS 0x0000000709e00000, 0x0000000709e00000| Complete 
| 121|0x0000000709f00000, 0x000000070a000000, 0x000000070a000000|100%| E|CS|TAMS 0x0000000709f00000, 0x0000000709f00000| Complete 
| 122|0x000000070a000000, 0x000000070a100000, 0x000000070a100000|100%| E|CS|TAMS 0x000000070a000000, 0x000000070a000000| Complete 
| 123|0x000000070a100000, 0x000000070a200000, 0x000000070a200000|100%| E|CS|TAMS 0x000000070a100000, 0x000000070a100000| Complete 
| 124|0x000000070a200000, 0x000000070a300000, 0x000000070a300000|100%| E|CS|TAMS 0x000000070a200000, 0x000000070a200000| Complete 
| 125|0x000000070a300000, 0x000000070a400000, 0x000000070a400000|100%| E|CS|TAMS 0x000000070a300000, 0x000000070a300000| Complete 
| 126|0x000000070a400000, 0x000000070a500000, 0x000000070a500000|100%| E|CS|TAMS 0x000000070a400000, 0x000000070a400000| Complete 
| 127|0x000000070a500000, 0x000000070a600000, 0x000000070a600000|100%| E|CS|TAMS 0x000000070a500000, 0x000000070a500000| Complete 
| 128|0x000000070a600000, 0x000000070a700000, 0x000000070a700000|100%| E|  |TAMS 0x000000070a600000, 0x000000070a600000| Complete 
| 129|0x000000070a700000, 0x000000070a800000, 0x000000070a800000|100%| E|CS|TAMS 0x000000070a700000, 0x000000070a700000| Complete 
| 130|0x000000070a800000, 0x000000070a900000, 0x000000070a900000|100%| E|CS|TAMS 0x000000070a800000, 0x000000070a800000| Complete 
| 131|0x000000070a900000, 0x000000070aa00000, 0x000000070aa00000|100%| E|CS|TAMS 0x000000070a900000, 0x000000070a900000| Complete 
| 132|0x000000070aa00000, 0x000000070ab00000, 0x000000070ab00000|100%| E|CS|TAMS 0x000000070aa00000, 0x000000070aa00000| Complete 
| 133|0x000000070ab00000, 0x000000070ac00000, 0x000000070ac00000|100%| E|CS|TAMS 0x000000070ab00000, 0x000000070ab00000| Complete 
| 134|0x000000070ac00000, 0x000000070ad00000, 0x000000070ad00000|100%| E|CS|TAMS 0x000000070ac00000, 0x000000070ac00000| Complete 
| 135|0x000000070ad00000, 0x000000070ae00000, 0x000000070ae00000|100%| E|CS|TAMS 0x000000070ad00000, 0x000000070ad00000| Complete 
| 136|0x000000070ae00000, 0x000000070af00000, 0x000000070af00000|100%| E|CS|TAMS 0x000000070ae00000, 0x000000070ae00000| Complete 
| 137|0x000000070af00000, 0x000000070b000000, 0x000000070b000000|100%| E|CS|TAMS 0x000000070af00000, 0x000000070af00000| Complete 
| 138|0x000000070b000000, 0x000000070b100000, 0x000000070b100000|100%| E|CS|TAMS 0x000000070b000000, 0x000000070b000000| Complete 
| 139|0x000000070b100000, 0x000000070b200000, 0x000000070b200000|100%| E|CS|TAMS 0x000000070b100000, 0x000000070b100000| Complete 
| 140|0x000000070b200000, 0x000000070b300000, 0x000000070b300000|100%| E|CS|TAMS 0x000000070b200000, 0x000000070b200000| Complete 
| 141|0x000000070b300000, 0x000000070b400000, 0x000000070b400000|100%| E|CS|TAMS 0x000000070b300000, 0x000000070b300000| Complete 
| 142|0x000000070b400000, 0x000000070b500000, 0x000000070b500000|100%| E|CS|TAMS 0x000000070b400000, 0x000000070b400000| Complete 
| 143|0x000000070b500000, 0x000000070b600000, 0x000000070b600000|100%| E|CS|TAMS 0x000000070b500000, 0x000000070b500000| Complete 
| 144|0x000000070b600000, 0x000000070b700000, 0x000000070b700000|100%| E|CS|TAMS 0x000000070b600000, 0x000000070b600000| Complete 
| 145|0x000000070b700000, 0x000000070b800000, 0x000000070b800000|100%| E|CS|TAMS 0x000000070b700000, 0x000000070b700000| Complete 
| 146|0x000000070b800000, 0x000000070b900000, 0x000000070b900000|100%| E|CS|TAMS 0x000000070b800000, 0x000000070b800000| Complete 
| 147|0x000000070b900000, 0x000000070ba00000, 0x000000070ba00000|100%| E|CS|TAMS 0x000000070b900000, 0x000000070b900000| Complete 
| 148|0x000000070ba00000, 0x000000070bb00000, 0x000000070bb00000|100%| E|CS|TAMS 0x000000070ba00000, 0x000000070ba00000| Complete 
| 149|0x000000070bb00000, 0x000000070bc00000, 0x000000070bc00000|100%| E|CS|TAMS 0x000000070bb00000, 0x000000070bb00000| Complete 
| 150|0x000000070bc00000, 0x000000070bd00000, 0x000000070bd00000|100%| E|CS|TAMS 0x000000070bc00000, 0x000000070bc00000| Complete 
| 151|0x000000070bd00000, 0x000000070be00000, 0x000000070be00000|100%| E|CS|TAMS 0x000000070bd00000, 0x000000070bd00000| Complete 
| 152|0x000000070be00000, 0x000000070bf00000, 0x000000070bf00000|100%| E|CS|TAMS 0x000000070be00000, 0x000000070be00000| Complete 
| 153|0x000000070bf00000, 0x000000070c000000, 0x000000070c000000|100%| E|CS|TAMS 0x000000070bf00000, 0x000000070bf00000| Complete 
| 154|0x000000070c000000, 0x000000070c100000, 0x000000070c100000|100%| E|CS|TAMS 0x000000070c000000, 0x000000070c000000| Complete 
| 155|0x000000070c100000, 0x000000070c200000, 0x000000070c200000|100%| E|CS|TAMS 0x000000070c100000, 0x000000070c100000| Complete 
| 156|0x000000070c200000, 0x000000070c300000, 0x000000070c300000|100%| E|CS|TAMS 0x000000070c200000, 0x000000070c200000| Complete 
| 157|0x000000070c300000, 0x000000070c400000, 0x000000070c400000|100%| E|CS|TAMS 0x000000070c300000, 0x000000070c300000| Complete 
| 158|0x000000070c400000, 0x000000070c500000, 0x000000070c500000|100%| E|CS|TAMS 0x000000070c400000, 0x000000070c400000| Complete 
| 253|0x0000000712300000, 0x0000000712400000, 0x0000000712400000|100%| E|CS|TAMS 0x0000000712300000, 0x0000000712300000| Complete 

Card table byte_map: [0x000001fb78030000,0x000001fb78820000] _byte_map_base: 0x000001fb7481d000

Marking Bits (Prev, Next): (CMBitMap*) 0x000001fb5ff58ec8, (CMBitMap*) 0x000001fb5ff58e88
 Prev Bits: [0x000001fb00000000, 0x000001fb03f68000)
 Next Bits: [0x000001fb79010000, 0x000001fb7cf78000)

Polling page: 0x000001fb5de90000

Metaspace:

Usage:
  Non-class:     90.73 MB capacity,    88.00 MB ( 97%) used,     2.37 MB (  3%) free+waste,   364.50 KB ( <1%) overhead. 
      Class:     13.10 MB capacity,    11.51 MB ( 88%) used,     1.42 MB ( 11%) free+waste,   172.75 KB (  1%) overhead. 
       Both:    103.83 MB capacity,    99.52 MB ( 96%) used,     3.79 MB (  4%) free+waste,   537.25 KB ( <1%) overhead. 

Virtual space:
  Non-class space:       92.00 MB reserved,      91.00 MB ( 99%) committed 
      Class space:        1.00 GB reserved,      13.13 MB (  1%) committed 
             Both:        1.09 GB reserved,     104.13 MB (  9%) committed 

Chunk freelists:
   Non-Class:  10.25 KB
       Class:  3.00 KB
        Both:  13.25 KB

CodeHeap 'non-profiled nmethods': size=238336Kb used=36433Kb max_used=36433Kb free=201902Kb
 bounds [0x000001fb68a20000, 0x000001fb6adc0000, 0x000001fb772e0000]
CodeHeap 'non-nmethods': size=7424Kb used=1291Kb max_used=1291Kb free=6132Kb
 bounds [0x000001fb682e0000, 0x000001fb68550000, 0x000001fb68a20000]
 total_blobs=20010 nmethods=19128 adapters=581
 compilation: enabled
              stopped_count=0, restarted_count=0
 full_count=0

Compilation events (10 events):
Event: 1513.989 Thread 0x000001fb0480e800 19333   !   1       org.springframework.objenesis.instantiator.sun.SunReflectionFactoryHelper::getNewConstructorForSerializationMethod (31 bytes)
Event: 1513.989 Thread 0x000001fb0480e800 nmethod 19333 0x000001fb6adb1b90 code [0x000001fb6adb1d80, 0x000001fb6adb21c0]
Event: 1558.818 Thread 0x000001fb0480e800 19334       1       org.springframework.boot.devtools.restart.AgentReloader::isActive (43 bytes)
Event: 1558.818 Thread 0x000001fb0480e800 nmethod 19334 0x000001fb6adb2410 code [0x000001fb6adb2620, 0x000001fb6adb29c0]
Event: 1558.836 Thread 0x000001fb0480e800 19335       1       java.lang.AbstractStringBuilder::replace (69 bytes)
Event: 1558.836 Thread 0x000001fb0480e800 nmethod 19335 0x000001fb6adb2b90 code [0x000001fb6adb2d80, 0x000001fb6adb3030]
Event: 1558.932 Thread 0x000001fb0480e800 19336       1       org.springframework.boot.autoconfigure.condition.AbstractNestedCondition$MemberConditions::getMemberConditions (151 bytes)
Event: 1558.932 Thread 0x000001fb0480e800 nmethod 19336 0x000001fb6adb3210 code [0x000001fb6adb34a0, 0x000001fb6adb3db0]
Event: 1559.096 Thread 0x000001fb0480e800 19337   !   1       org.springframework.context.annotation.ConfigurationClassEnhancer$BeanMethodInterceptor::resolveBeanReference (378 bytes)
Event: 1559.098 Thread 0x000001fb0480e800 nmethod 19337 0x000001fb6adb4410 code [0x000001fb6adb4920, 0x000001fb6adb6990]

GC Heap History (10 events):
Event: 1513.681 GC heap before
{Heap before GC invocations=217 (full 21):
 garbage-first heap   total 155648K, used 128560K [0x0000000702600000, 0x0000000800000000)
  region size 1024K, 52 young (53248K), 6 survivors (6144K)
 Metaspace       used 101125K, capacity 105458K, committed 105856K, reserved 1142784K
  class space    used 11726K, capacity 13341K, committed 13440K, reserved 1048576K
}
Event: 1513.688 GC heap after
{Heap after GC invocations=218 (full 21):
 garbage-first heap   total 155648K, used 83543K [0x0000000702600000, 0x0000000800000000)
  region size 1024K, 5 young (5120K), 5 survivors (5120K)
 Metaspace       used 101125K, capacity 105458K, committed 105856K, reserved 1142784K
  class space    used 11726K, capacity 13341K, committed 13440K, reserved 1048576K
}
Event: 1516.084 GC heap before
{Heap before GC invocations=219 (full 21):
 garbage-first heap   total 163840K, used 130647K [0x0000000702600000, 0x0000000800000000)
  region size 1024K, 51 young (52224K), 5 survivors (5120K)
 Metaspace       used 101632K, capacity 106044K, committed 106368K, reserved 1142784K
  class space    used 11759K, capacity 13381K, committed 13440K, reserved 1048576K
}
Event: 1516.086 GC heap after
{Heap after GC invocations=220 (full 21):
 garbage-first heap   total 163840K, used 83607K [0x0000000702600000, 0x0000000800000000)
  region size 1024K, 3 young (3072K), 3 survivors (3072K)
 Metaspace       used 101632K, capacity 106044K, committed 106368K, reserved 1142784K
  class space    used 11759K, capacity 13381K, committed 13440K, reserved 1048576K
}
Event: 1540.462 GC heap before
{Heap before GC invocations=220 (full 21):
 garbage-first heap   total 163840K, used 135831K [0x0000000702600000, 0x0000000800000000)
  region size 1024K, 54 young (55296K), 3 survivors (3072K)
 Metaspace       used 101632K, capacity 106044K, committed 106368K, reserved 1142784K
  class space    used 11759K, capacity 13381K, committed 13440K, reserved 1048576K
}
Event: 1540.464 GC heap after
{Heap after GC invocations=221 (full 21):
 garbage-first heap   total 163840K, used 83459K [0x0000000702600000, 0x0000000800000000)
  region size 1024K, 3 young (3072K), 3 survivors (3072K)
 Metaspace       used 101632K, capacity 106044K, committed 106368K, reserved 1142784K
  class space    used 11759K, capacity 13381K, committed 13440K, reserved 1048576K
}
Event: 1558.890 GC heap before
{Heap before GC invocations=222 (full 21):
 garbage-first heap   total 163840K, used 134659K [0x0000000702600000, 0x0000000800000000)
  region size 1024K, 54 young (55296K), 3 survivors (3072K)
 Metaspace       used 101626K, capacity 106030K, committed 106368K, reserved 1142784K
  class space    used 11760K, capacity 13380K, committed 13440K, reserved 1048576K
}
Event: 1558.892 GC heap after
{Heap after GC invocations=223 (full 21):
 garbage-first heap   total 163840K, used 84384K [0x0000000702600000, 0x0000000800000000)
  region size 1024K, 4 young (4096K), 4 survivors (4096K)
 Metaspace       used 101626K, capacity 106030K, committed 106368K, reserved 1142784K
  class space    used 11760K, capacity 13380K, committed 13440K, reserved 1048576K
}
Event: 1559.146 GC heap before
{Heap before GC invocations=223 (full 21):
 garbage-first heap   total 163840K, used 135584K [0x0000000702600000, 0x0000000800000000)
  region size 1024K, 55 young (56320K), 4 survivors (4096K)
 Metaspace       used 101906K, capacity 106326K, committed 106624K, reserved 1142784K
  class space    used 11790K, capacity 13416K, committed 13440K, reserved 1048576K
}
Event: 1559.152 GC heap after
{Heap after GC invocations=224 (full 21):
 garbage-first heap   total 163840K, used 86437K [0x0000000702600000, 0x0000000800000000)
  region size 1024K, 6 young (6144K), 6 survivors (6144K)
 Metaspace       used 101906K, capacity 106326K, committed 106624K, reserved 1142784K
  class space    used 11790K, capacity 13416K, committed 13440K, reserved 1048576K
}

Deoptimization events (0 events):
No events

Classes redefined (0 events):
No events

Internal exceptions (10 events):
Event: 1513.921 Thread 0x000001fb0a8db800 Exception <a 'java/lang/ClassNotFoundException'{0x000000070abcc548}: org/springframework/beans/factory/BeanFactoryAwareCustomizer> (0x000000070abcc548) thrown at [t:/workspace/open/src/hotspot/share/classfile/systemDictionary.cpp, line 235]
Event: 1513.921 Thread 0x000001fb0a8db800 Exception <a 'java/lang/ClassNotFoundException'{0x000000070abde148}: org/springframework/beans/factory/AwareCustomizer> (0x000000070abde148) thrown at [t:/workspace/open/src/hotspot/share/classfile/systemDictionary.cpp, line 235]
Event: 1513.921 Thread 0x000001fb0a8db800 Exception <a 'java/lang/ClassNotFoundException'{0x000000070abf37d0}: org/springframework/security/config/annotation/web/WebSecurityConfigurerCustomizer> (0x000000070abf37d0) thrown at [t:/workspace/open/src/hotspot/share/classfile/systemDictionary.cpp, li
Event: 1513.921 Thread 0x000001fb0a8db800 Exception <a 'java/lang/ClassNotFoundException'{0x000000070aa08898}: org/springframework/security/config/annotation/SecurityConfigurerCustomizer> (0x000000070aa08898) thrown at [t:/workspace/open/src/hotspot/share/classfile/systemDictionary.cpp, line 235]
Event: 1513.992 Thread 0x000001fb0a8db800 Exception <a 'java/lang/NoClassDefFoundError'{0x0000000709d1fd00}: CategoryWeb> (0x0000000709d1fd00) thrown at [t:/workspace/open/src/hotspot/share/classfile/systemDictionary.cpp, line 224]
Event: 1513.995 Thread 0x000001fb0a8df800 Exception <a 'java/lang/InterruptedException'{0x0000000709d9ab10}: sleep interrupted> (0x0000000709d9ab10) thrown at [t:/workspace/open/src/hotspot/share/prims/jvm.cpp, line 3005]
Event: 1513.998 Thread 0x000001fb0a8db800 Exception <a 'java/lang/ClassCastException'{0x0000000709d77648}> (0x0000000709d77648) thrown at [t:/workspace/open/src/hotspot/share/runtime/sharedRuntime.cpp, line 585]
Event: 1513.999 Thread 0x000001fb0a8db800 Exception <a 'java/lang/reflect/InvocationTargetException'{0x0000000709c15e38}> (0x0000000709c15e38) thrown at [t:/workspace/open/src/hotspot/share/runtime/reflection.cpp, line 1183]
Event: 1558.821 Thread 0x000001fb0a8d5800 Exception <a 'java/io/FileNotFoundException'{0x0000000709f29110}> (0x0000000709f29110) thrown at [t:/workspace/open/src/hotspot/share/prims/jni.cpp, line 615]
Event: 1559.180 Thread 0x000001fb0a8d5800 Exception <a 'java/io/FileNotFoundException'{0x0000000709f70198}> (0x0000000709f70198) thrown at [t:/workspace/open/src/hotspot/share/prims/jni.cpp, line 615]

Events (10 events):
Event: 1559.063 loading class org/webjars/WebJarAssetLocator done
Event: 1559.063 loading class org/webjars$WebJarAssetLocator
Event: 1559.063 loading class org/webjars$WebJarAssetLocator done
Event: 1559.086 loading class javax/inject/Inject
Event: 1559.086 loading class javax/inject/Inject done
Event: 1559.086 loading class javax/inject$Inject
Event: 1559.086 loading class javax/inject$Inject done
Event: 1559.145 Executing VM operation: G1CollectForAllocation
Event: 1559.152 Executing VM operation: G1CollectForAllocation done
Event: 1559.206 Executing VM operation: G1Concurrent


Dynamic libraries:
0x00007ff780a30000 - 0x00007ff780a3f000 	C:\Program Files\Java\jdk-12\bin\javaw.exe
0x00007ff972c40000 - 0x00007ff972e21000 	C:\Windows\SYSTEM32\ntdll.dll
0x00007ff972670000 - 0x00007ff972721000 	C:\Windows\System32\KERNEL32.DLL
0x00007ff96f400000 - 0x00007ff96f673000 	C:\Windows\System32\KERNELBASE.dll
0x00007ff96f6d0000 - 0x00007ff96f7c8000 	C:\Windows\System32\ucrtbase.dll
0x00007ff96a9d0000 - 0x00007ff96a9e6000 	C:\Program Files\Java\jdk-12\bin\VCRUNTIME140.dll
0x00007ff9671c0000 - 0x00007ff9671d8000 	C:\Program Files\Java\jdk-12\bin\jli.dll
0x00007ff9722f0000 - 0x00007ff972391000 	C:\Windows\System32\ADVAPI32.dll
0x00007ff971a20000 - 0x00007ff971abe000 	C:\Windows\System32\msvcrt.dll
0x00007ff972af0000 - 0x00007ff972b4b000 	C:\Windows\System32\sechost.dll
0x00007ff972540000 - 0x00007ff972664000 	C:\Windows\System32\RPCRT4.dll
0x00007ff9727b0000 - 0x00007ff972940000 	C:\Windows\System32\USER32.dll
0x00007ff96f3e0000 - 0x00007ff96f400000 	C:\Windows\System32\win32u.dll
0x00007ff9643d0000 - 0x00007ff964639000 	C:\Windows\WinSxS\amd64_microsoft.windows.common-controls_6595b64144ccf1df_6.0.17134.950_none_fb3da4273069d3e0\COMCTL32.dll
0x00007ff972b80000 - 0x00007ff972ba8000 	C:\Windows\System32\GDI32.dll
0x00007ff971ac0000 - 0x00007ff971de2000 	C:\Windows\System32\combase.dll
0x00007ff96f010000 - 0x00007ff96f1a1000 	C:\Windows\System32\gdi32full.dll
0x00007ff96f2b0000 - 0x00007ff96f329000 	C:\Windows\System32\bcryptPrimitives.dll
0x00007ff96f210000 - 0x00007ff96f2af000 	C:\Windows\System32\msvcp_win.dll
0x00007ff96ac80000 - 0x00007ff96ac8a000 	C:\Windows\SYSTEM32\VERSION.dll
0x00007ff972b50000 - 0x00007ff972b7d000 	C:\Windows\System32\IMM32.DLL
0x00007ff961b60000 - 0x00007ff961c0a000 	C:\Program Files\Java\jdk-12\bin\msvcp140.dll
0x00007ff9246a0000 - 0x00007ff925214000 	C:\Program Files\Java\jdk-12\bin\server\jvm.dll
0x00007ff971e00000 - 0x00007ff971e08000 	C:\Windows\System32\PSAPI.DLL
0x00007ff96cd60000 - 0x00007ff96cd83000 	C:\Windows\SYSTEM32\WINMM.dll
0x00007ff950700000 - 0x00007ff950709000 	C:\Windows\SYSTEM32\WSOCK32.dll
0x00007ff971fd0000 - 0x00007ff97203c000 	C:\Windows\System32\WS2_32.dll
0x00007ff96cc10000 - 0x00007ff96cc3a000 	C:\Windows\SYSTEM32\winmmbase.dll
0x00007ff96f680000 - 0x00007ff96f6c9000 	C:\Windows\System32\cfgmgr32.dll
0x00007ff96efa0000 - 0x00007ff96efb1000 	C:\Windows\System32\kernel.appcore.dll
0x00007ff964390000 - 0x00007ff9643a1000 	C:\Program Files\Java\jdk-12\bin\verify.dll
0x00007ff9238c0000 - 0x00007ff923a89000 	C:\Windows\SYSTEM32\DBGHELP.DLL
0x00007ff92f310000 - 0x00007ff92f339000 	C:\Windows\SYSTEM32\dbgcore.DLL
0x00007ff964120000 - 0x00007ff964146000 	C:\Program Files\Java\jdk-12\bin\java.dll
0x00007ff964370000 - 0x00007ff964387000 	C:\Program Files\Java\jdk-12\bin\zip.dll
0x00007ff96ce10000 - 0x00007ff96ce1a000 	C:\Program Files\Java\jdk-12\bin\jimage.dll
0x00007ff9700d0000 - 0x00007ff971510000 	C:\Windows\System32\SHELL32.dll
0x00007ff972940000 - 0x00007ff9729e9000 	C:\Windows\System32\shcore.dll
0x00007ff96f7d0000 - 0x00007ff96fedd000 	C:\Windows\System32\windows.storage.dll
0x00007ff971f70000 - 0x00007ff971fc1000 	C:\Windows\System32\shlwapi.dll
0x00007ff96ef80000 - 0x00007ff96ef9f000 	C:\Windows\System32\profapi.dll
0x00007ff96efc0000 - 0x00007ff96f00c000 	C:\Windows\System32\powrprof.dll
0x00007ff96ef50000 - 0x00007ff96ef5a000 	C:\Windows\System32\FLTLIB.DLL
0x00007ff961b40000 - 0x00007ff961b59000 	C:\Program Files\Java\jdk-12\bin\net.dll
0x00007ff967010000 - 0x00007ff9670ed000 	C:\Windows\SYSTEM32\WINHTTP.dll
0x00007ff963b00000 - 0x00007ff963cc9000 	C:\Windows\SYSTEM32\urlmon.dll
0x00007ff961e20000 - 0x00007ff9620c6000 	C:\Windows\SYSTEM32\iertutil.dll
0x00007ff96e9a0000 - 0x00007ff96e9ab000 	C:\Windows\SYSTEM32\CRYPTBASE.DLL
0x00007ff96e7d0000 - 0x00007ff96e836000 	C:\Windows\system32\mswsock.dll
0x00007ff961750000 - 0x00007ff961763000 	C:\Program Files\Java\jdk-12\bin\nio.dll
0x00007ff96b7d0000 - 0x00007ff96b7d9000 	C:\Program Files\Java\jdk-12\bin\management.dll
0x00007ff96b790000 - 0x00007ff96b79c000 	C:\Program Files\Java\jdk-12\bin\management_ext.dll
0x00007ff9307b0000 - 0x00007ff9307c6000 	C:\Windows\system32\napinsp.dll
0x00007ff930790000 - 0x00007ff9307aa000 	C:\Windows\system32\pnrpnsp.dll
0x00007ff96b550000 - 0x00007ff96b569000 	C:\Windows\system32\NLAapi.dll
0x00007ff96e560000 - 0x00007ff96e61e000 	C:\Windows\SYSTEM32\DNSAPI.dll
0x00007ff9729f0000 - 0x00007ff9729f8000 	C:\Windows\System32\NSI.dll
0x00007ff96e520000 - 0x00007ff96e558000 	C:\Windows\SYSTEM32\IPHLPAPI.DLL
0x00007ff931d20000 - 0x00007ff931d2e000 	C:\Windows\System32\winrnr.dll
0x00007ff930770000 - 0x00007ff930785000 	C:\Windows\System32\wshbth.dll
0x00007ff966f20000 - 0x00007ff966f2a000 	C:\Windows\System32\rasadhlp.dll
0x00007ff966f90000 - 0x00007ff967002000 	C:\Windows\System32\fwpuclnt.dll
0x00007ff96eab0000 - 0x00007ff96ead5000 	C:\Windows\SYSTEM32\bcrypt.dll
0x00007ff96e980000 - 0x00007ff96e997000 	C:\Windows\SYSTEM32\CRYPTSP.dll
0x00007ff96e380000 - 0x00007ff96e3b3000 	C:\Windows\system32\rsaenh.dll
0x00007ff96ee50000 - 0x00007ff96ee78000 	C:\Windows\SYSTEM32\USERENV.dll
0x00007ff9699b0000 - 0x00007ff9699c6000 	C:\Windows\SYSTEM32\dhcpcsvc6.DLL
0x00007ff9680c0000 - 0x00007ff9680da000 	C:\Windows\SYSTEM32\dhcpcsvc.DLL

dbghelp: loaded successfully - version: 4.0.5 - missing functions: none
symbol engine: initialized successfully - sym options: 0x614 - pdb path: .;C:\Program Files\Java\jdk-12\bin;C:\Windows\SYSTEM32;C:\Windows\WinSxS\amd64_microsoft.windows.common-controls_6595b64144ccf1df_6.0.17134.950_none_fb3da4273069d3e0;C:\Program Files\Java\jdk-12\bin\server

VM Arguments:
jvm_args: -Dcom.sun.management.jmxremote -Dcom.sun.management.jmxremote.port=56666 -Dcom.sun.management.jmxremote.authenticate=false -Dcom.sun.management.jmxremote.ssl=false -Djava.rmi.server.hostname=localhost -Dspring.jmx.enabled=true -Dspring.application.admin.enabled=true -Xverify:none -XX:TieredStopAtLevel=1 -Dfile.encoding=Cp1252 
java_command: pq.jdev.b001.bookstore.BookstoreApplication --spring.output.ansi.enabled=always
java_class_path (initial): C:\Users\laptop\Desktop\bookstore\target\classes;C:\Users\laptop\.m2\repository\io\jsonwebtoken\jjwt\0.9.0\jjwt-0.9.0.jar;C:\Users\laptop\.m2\repository\com\fasterxml\jackson\core\jackson-databind\2.9.8\jackson-databind-2.9.8.jar;C:\Users\laptop\.m2\repository\com\fasterxml\jackson\datatype\jackson-datatype-jsr310\2.9.8\jackson-datatype-jsr310-2.9.8.jar;C:\Users\laptop\.m2\repository\com\fasterxml\jackson\core\jackson-annotations\2.9.0\jackson-annotations-2.9.0.jar;C:\Users\laptop\.m2\repository\com\fasterxml\jackson\core\jackson-core\2.9.8\jackson-core-2.9.8.jar;C:\Users\laptop\.m2\repository\org\springframework\security\spring-security-config\5.2.0.M2\spring-security-config-5.2.0.M2.jar;C:\Users\laptop\.m2\repository\org\springframework\security\spring-security-core\5.2.0.M2\spring-security-core-5.2.0.M2.jar;C:\Users\laptop\.m2\repository\org\springframework\spring-expression\5.2.0.M2\spring-expression-5.2.0.M2.jar;C:\Users\laptop\.m2\repository\org\springframework\spring-aop\5.2.0.M2\spring-aop-5.2.0.M2.jar;C:\Users\laptop\.m2\repository\org\springframework\spring-beans\5.2.0.M2\spring-beans-5.2.0.M2.jar;C:\Users\laptop\.m2\repository\org\springframework\spring-context\5.2.0.M2\spring-context-5.2.0.M2.jar;C:\Users\laptop\.m2\repository\org\springframework\spring-core\5.2.0.M2\spring-core-5.2.0.M2.jar;C:\Users\laptop\.m2\repository\org\springframework\spring-jcl\5.2.0.M2\spring-jcl-5.2.0.M2.jar;C:\Users\laptop\.m2\repository\org\springframework\boot\spring-boot-starter-batch\2.2.0.M3\spring-boot-starter-batch-2.2.0.M3.jar;C:\Users\laptop\.m2\repository\org\springframework\boot\spring-boot-starter\2.2.0.M3\spring-boot-starter-2.2.0.M3.jar;C:\Users\laptop\.m2\repository\org\springframework\boot\spring-boot-starter-logging\2.2.0.M3\spring-boot-starter-logging-2.2.0.M3.jar;C:\Users\laptop\.m2\repository\ch\qos\logback\logback-classic\1.2.3\logback-classic-1.2.3.jar;C:\Users\laptop\.m2\repository\ch\qos\logback\logback-core\1.2.3\logback-co
Launcher Type: SUN_STANDARD

[Global flags]
     bool BytecodeVerificationLocal                = false                                     {product} {command line}
     bool BytecodeVerificationRemote               = false                                     {product} {command line}
     intx CICompilerCount                          = 4                                         {product} {ergonomic}
     uint ConcGCThreads                            = 3                                         {product} {ergonomic}
     uint G1ConcRefinementThreads                  = 10                                        {product} {ergonomic}
   size_t G1HeapRegionSize                         = 1048576                                   {product} {ergonomic}
    uintx GCDrainStackTargetSize                   = 64                                        {product} {ergonomic}
   size_t InitialHeapSize                          = 266338304                                 {product} {ergonomic}
     bool ManagementServer                         = true                                      {product} {command line}
   size_t MarkStackSize                            = 4194304                                   {product} {ergonomic}
   size_t MaxHeapSize                              = 4255121408                                {product} {ergonomic}
   size_t MaxNewSize                               = 2552233984                                {product} {ergonomic}
   size_t MinHeapDeltaBytes                        = 1048576                                   {product} {ergonomic}
    uintx NonNMethodCodeHeapSize                   = 7549744                                {pd product} {ergonomic}
    uintx NonProfiledCodeHeapSize                  = 244108496                              {pd product} {ergonomic}
    uintx ProfiledCodeHeapSize                     = 0                                      {pd product} {ergonomic}
    uintx ReservedCodeCacheSize                    = 251658240                              {pd product} {ergonomic}
     bool SegmentedCodeCache                       = true                                      {product} {ergonomic}
     intx TieredStopAtLevel                        = 1                                         {product} {command line}
     bool UseCompressedClassPointers               = true                                 {lp64_product} {ergonomic}
     bool UseCompressedOops                        = true                                 {lp64_product} {ergonomic}
     bool UseG1GC                                  = true                                      {product} {ergonomic}
     bool UseLargePagesIndividualAllocation        = false                                  {pd product} {ergonomic}

Logging:
Log output configuration:
 #0: stdout all=warning uptime,level,tags
 #1: stderr all=off uptime,level,tags

Environment Variables:
JAVA_HOME=C:\Program Files\Android\jdk\microsoft_dist_openjdk_1.8.0.25
PATH=C:/Program Files/Java/jre1.8.0_211/bin/server;C:/Program Files/Java/jre1.8.0_211/bin;C:/Program Files/Java/jre1.8.0_211/lib/amd64;D:\Program Files (x86)\Scripts\;D:\Program Files (x86)\;C:\Program Files (x86)\Common Files\Oracle\Java\javapath;C:\Program Files\Microsoft MPI\Bin\;C:\Program Files (x86)\Intel\Intel(R) Management Engine Components\iCLS\;C:\Program Files\Intel\Intel(R) Management Engine Components\iCLS\;C:\Windows\system32;C:\Windows;C:\Windows\System32\Wbem;C:\Windows\System32\WindowsPowerShell\v1.0\;C:\Windows\System32\OpenSSH\;C:\Program Files (x86)\NVIDIA Corporation\PhysX\Common;C:\Program Files (x86)\Intel\Intel(R) Management Engine Components\DAL;C:\Program Files\Intel\Intel(R) Management Engine Components\DAL;C:\Program Files (x86)\Intel\Intel(R) Management Engine Components\IPT;C:\Program Files\Intel\Intel(R) Management Engine Components\IPT;C:\Program Files\Intel\WiFi\bin\;C:\Program Files\Common Files\Intel\WirelessCommon\;C:\Program Files\NVIDIA Corporation\NVIDIA NvDLISR;C:\Program Files (x86)\Microsoft SQL Server\140\Tools\Binn\;C:\Program Files\Microsoft SQL Server\140\Tools\Binn\;C:\Program Files (x86)\Microsoft SQL Server\140\DTS\Binn\;C:\Program Files\Microsoft SQL Server\140\DTS\Binn\;C:\Program Files\Microsoft SQL Server\Client SDK\ODBC\130\Tools\Binn\;C:\Program Files\dotnet\;C:\Program Files\Microsoft SQL Server\130\Tools\Binn\;C:\Program Files\Microsoft SQL Server\Client SDK\ODBC\170\Tools\Binn\;D:\Program Files\Git\cmd;C:\Program Files (x86)\Microsoft SQL Server\Client SDK\ODBC\130\Tools\Binn\;C:\Program Files (x86)\Microsoft SQL Server\140\Tools\Binn\ManagementStudio\;D:\Program Files\TortoiseGit\bin;C:\Program Files (x86)\dotnet\;C:\Program Files\Java\jdk-12;C:\maven\bin;D:\Anaconda3;D:\Anaconda3\Library\mingw-w64\bin;D:\Anaconda3\Library\usr\bin;D:\Anaconda3\Library\bin;D:\Anaconda3\Scripts;C:\Users\laptop\AppData\Local\Microsoft\WindowsApps;C:\Users\laptop\AppData\Local\Programs\Microsoft VS Code\bin;C:\Users\laptop\AppData\
USERNAME=laptop
OS=Windows_NT
PROCESSOR_IDENTIFIER=Intel64 Family 6 Model 158 Stepping 10, GenuineIntel



---------------  S Y S T E M  ---------------

OS: Windows 10 , 64 bit Build 17134 (10.0.17134.753)

CPU:total 12 (initial active 12) (6 cores per cpu, 2 threads per core) family 6 model 158 stepping 10, cmov, cx8, fxsr, mmx, sse, sse2, sse3, ssse3, sse4.1, sse4.2, popcnt, avx, avx2, aes, clmul, erms, 3dnowpref, lzcnt, ht, tsc, tscinvbit, bmi1, bmi2, adx, fma

Memory: 4k page, system-wide physical 16229M (6034M free)
TotalPageFile size 31326M (AvailPageFile size 25M)
current process WorkingSet (physical memory assigned to process): 388M, peak: 388M
current process commit charge ("private bytes"): 431M, peak: 493M

vm_info: Java HotSpot(TM) 64-Bit Server VM (12+33) for windows-amd64 JRE (12+33), built on Feb 21 2019 02:31:50 by "mach5one" with MS VC++ 15.5 (VS2017)

END.
